 INFO [frequency.DownloaderThread] when frequency = 6375 total url: 0 starttime:Tue Mar 05 10:56:51 CST 2013finishtime:Tue Mar 05 10:56:51 CST 2013
 INFO [frequency.DownloaderThread] when frequency = 3000 total url: 1 starttime:Tue Mar 05 10:56:51 CST 2013finishtime:Tue Mar 05 10:56:55 CST 2013
 INFO [frequency.DownloaderThread] when frequency = 13125 total url: 1 starttime:Tue Mar 05 10:56:51 CST 2013finishtime:Tue Mar 05 10:57:05 CST 2013
 INFO [org.apache.http.impl.client.DefaultHttpClient] I/O exception (org.apache.http.NoHttpResponseException) caught when processing request: The target server failed to respond
 INFO [org.apache.http.impl.client.DefaultHttpClient] Retrying request
 INFO [org.apache.http.impl.client.DefaultHttpClient] I/O exception (org.apache.http.NoHttpResponseException) caught when processing request: The target server failed to respond
 INFO [org.apache.http.impl.client.DefaultHttpClient] Retrying request
 INFO [frequency.DownloaderThread] when frequency = 19875 total url: 113 starttime:Tue Mar 05 10:56:51 CST 2013finishtime:Tue Mar 05 11:34:58 CST 2013
 INFO [frequency.DownloaderThread] when frequency = 26625 total url: 85 starttime:Tue Mar 05 10:56:51 CST 2013finishtime:Tue Mar 05 11:35:01 CST 2013
 INFO [frequency.DownloaderThread] when frequency = 9750 total url: 439 starttime:Tue Mar 05 10:56:51 CST 2013finishtime:Tue Mar 05 12:14:05 CST 2013
ERROR [proxy.ProxyCrawler] 51dali (系统找不到指定的文件。):E:\workspacedy\acess_limiter\bin\xquery
ERROR [proxy.ProxyCrawler] 51dali (系统找不到指定的文件。):E:\workspacedy\acess_limiter\bin\xquery
ERROR [proxy.ProxyCrawler] 51dali (系统找不到指定的文件。):E:\workspacedy\acess_limiter\bin\xquery
 INFO [org.apache.http.impl.client.DefaultHttpClient] I/O exception (org.apache.http.NoHttpResponseException) caught when processing request: The target server failed to respond
 INFO [org.apache.http.impl.client.DefaultHttpClient] Retrying request
 INFO [org.apache.http.impl.client.DefaultHttpClient] I/O exception (org.apache.http.NoHttpResponseException) caught when processing request: The target server failed to respond
 INFO [org.apache.http.impl.client.DefaultHttpClient] Retrying request
 INFO [org.apache.http.impl.client.DefaultHttpClient] I/O exception (org.apache.http.NoHttpResponseException) caught when processing request: The target server failed to respond
 INFO [org.apache.http.impl.client.DefaultHttpClient] Retrying request
 INFO [org.apache.http.impl.client.DefaultHttpClient] I/O exception (org.apache.http.NoHttpResponseException) caught when processing request: The target server failed to respond
 INFO [org.apache.http.impl.client.DefaultHttpClient] Retrying request
 INFO [org.apache.http.impl.client.DefaultHttpClient] I/O exception (org.apache.http.NoHttpResponseException) caught when processing request: The target server failed to respond
 INFO [org.apache.http.impl.client.DefaultHttpClient] Retrying request
 INFO [org.apache.http.impl.client.DefaultHttpClient] I/O exception (java.net.SocketException) caught when processing request: Connection reset
 INFO [org.apache.http.impl.client.DefaultHttpClient] Retrying request
 INFO [org.apache.http.impl.client.DefaultHttpClient] I/O exception (java.net.SocketException) caught when processing request: Connection reset
 INFO [org.apache.http.impl.client.DefaultHttpClient] Retrying request
 INFO [org.apache.http.impl.client.DefaultHttpClient] I/O exception (java.net.SocketException) caught when processing request: Connection reset
 INFO [org.apache.http.impl.client.DefaultHttpClient] Retrying request
 INFO [frequency.FirefoxTest] 百度搜索_Cheese!
 INFO [frequency.FirefoxTest] 百度搜索_Cheese!
 INFO [frequency.FirefoxTest] 百度搜索_Cheese!
 INFO [frequency.FirefoxTest] 百度搜索_Cheese!
 
 
 INFO [frequency.FirefoxTest] http://www.google.com.hk/search?hl=zh-CN&newwindow=1&safe=strict&site=&source=hp&q=Cheese!
 INFO [org.apache.http.impl.client.DefaultHttpClient] I/O exception (java.net.SocketException) caught when processing request: Connection reset
 INFO [org.apache.http.impl.client.DefaultHttpClient] Retrying request
 INFO [org.apache.http.impl.client.DefaultHttpClient] I/O exception (java.net.SocketException) caught when processing request: Connection reset
 INFO [org.apache.http.impl.client.DefaultHttpClient] Retrying request
 INFO [org.apache.http.impl.client.DefaultHttpClient] I/O exception (java.net.SocketException) caught when processing request: Connection reset
 INFO [org.apache.http.impl.client.DefaultHttpClient] Retrying request
 INFO [org.apache.http.impl.client.DefaultHttpClient] I/O exception (java.net.SocketException) caught when processing request: Connection reset
 INFO [org.apache.http.impl.client.DefaultHttpClient] Retrying request
 INFO [org.apache.http.impl.client.DefaultHttpClient] I/O exception (java.net.SocketException) caught when processing request: Connection reset
 INFO [org.apache.http.impl.client.DefaultHttpClient] Retrying request
 INFO [org.apache.http.impl.client.DefaultHttpClient] I/O exception (java.net.SocketException) caught when processing request: Connection reset
 INFO [org.apache.http.impl.client.DefaultHttpClient] Retrying request
 INFO [org.apache.http.impl.client.DefaultHttpClient] I/O exception (java.net.SocketException) caught when processing request: Connection reset
 INFO [org.apache.http.impl.client.DefaultHttpClient] Retrying request
 INFO [org.apache.http.impl.client.DefaultHttpClient] I/O exception (java.net.SocketException) caught when processing request: Connection reset
 INFO [org.apache.http.impl.client.DefaultHttpClient] Retrying request
 INFO [org.apache.http.impl.client.DefaultHttpClient] I/O exception (java.net.SocketException) caught when processing request: Connection reset
 INFO [org.apache.http.impl.client.DefaultHttpClient] Retrying request
 INFO [org.apache.http.impl.client.DefaultHttpClient] I/O exception (java.net.SocketException) caught when processing request: Connection reset
 INFO [org.apache.http.impl.client.DefaultHttpClient] Retrying request
